{"/home/alk/WebstormProjects/project-lvl2-s475/src/index.js": {"path":"/home/alk/WebstormProjects/project-lvl2-s475/src/index.js","statementMap":{"0":{"start":{"line":4,"column":16},"end":{"line":20,"column":1}},"1":{"start":{"line":5,"column":16},"end":{"line":5,"column":64}},"2":{"start":{"line":6,"column":16},"end":{"line":6,"column":65}},"3":{"start":{"line":8,"column":15},"end":{"line":8,"column":59}},"4":{"start":{"line":10,"column":17},"end":{"line":17,"column":8}},"5":{"start":{"line":11,"column":4},"end":{"line":14,"column":5}},"6":{"start":{"line":12,"column":6},"end":{"line":12,"column":80}},"7":{"start":{"line":12,"column":37},"end":{"line":12,"column":80}},"8":{"start":{"line":13,"column":6},"end":{"line":13,"column":76}},"9":{"start":{"line":15,"column":4},"end":{"line":15,"column":70}},"10":{"start":{"line":15,"column":27},"end":{"line":15,"column":70}},"11":{"start":{"line":16,"column":4},"end":{"line":16,"column":47}},"12":{"start":{"line":19,"column":2},"end":{"line":19,"column":60}},"13":{"start":{"line":19,"column":33},"end":{"line":19,"column":41}}},"fnMap":{"0":{"name":"(anonymous_0)","decl":{"start":{"line":4,"column":16},"end":{"line":4,"column":17}},"loc":{"start":{"line":4,"column":47},"end":{"line":20,"column":1}},"line":4},"1":{"name":"(anonymous_1)","decl":{"start":{"line":10,"column":29},"end":{"line":10,"column":30}},"loc":{"start":{"line":10,"column":43},"end":{"line":17,"column":3}},"line":10},"2":{"name":"(anonymous_2)","decl":{"start":{"line":19,"column":26},"end":{"line":19,"column":27}},"loc":{"start":{"line":19,"column":33},"end":{"line":19,"column":41}},"line":19}},"branchMap":{"0":{"loc":{"start":{"line":11,"column":4},"end":{"line":14,"column":5}},"type":"if","locations":[{"start":{"line":11,"column":4},"end":{"line":14,"column":5}},{"start":{"line":11,"column":4},"end":{"line":14,"column":5}}],"line":11},"1":{"loc":{"start":{"line":11,"column":8},"end":{"line":11,"column":46}},"type":"binary-expr","locations":[{"start":{"line":11,"column":8},"end":{"line":11,"column":25}},{"start":{"line":11,"column":29},"end":{"line":11,"column":46}}],"line":11},"2":{"loc":{"start":{"line":12,"column":6},"end":{"line":12,"column":80}},"type":"if","locations":[{"start":{"line":12,"column":6},"end":{"line":12,"column":80}},{"start":{"line":12,"column":6},"end":{"line":12,"column":80}}],"line":12},"3":{"loc":{"start":{"line":15,"column":4},"end":{"line":15,"column":70}},"type":"if","locations":[{"start":{"line":15,"column":4},"end":{"line":15,"column":70}},{"start":{"line":15,"column":4},"end":{"line":15,"column":70}}],"line":15}},"s":{"0":1,"1":1,"2":1,"3":1,"4":1,"5":5,"6":2,"7":1,"8":1,"9":3,"10":2,"11":1,"12":1,"13":6},"f":{"0":1,"1":5,"2":6},"b":{"0":[2,3],"1":[5,4],"2":[1,1],"3":[2,1]},"_coverageSchema":"43e27e138ebf9cfc5966b082cf9a028302ed4184","hash":"ef321df48d89f6f6751374b4e9e6d82dd231dc6d"}
}
